{"D:\\FeedPulse\\backend\\src\\app.ts": {"path":"D:\\FeedPulse\\backend\\src\\app.ts","statementMap":{"0":{"start":{"line":1,"column":0},"end":{"line":1,"column":80}},"1":{"start":{"line":2,"column":0},"end":{"line":2,"column":24}},"2":{"start":{"line":3,"column":0},"end":{"line":3,"column":28}},"3":{"start":{"line":4,"column":0},"end":{"line":4,"column":28}},"4":{"start":{"line":5,"column":0},"end":{"line":5,"column":71}},"5":{"start":{"line":6,"column":0},"end":{"line":6,"column":54}},"6":{"start":{"line":7,"column":0},"end":{"line":7,"column":46}},"7":{"start":{"line":8,"column":0},"end":{"line":8,"column":45}},"8":{"start":{"line":10,"column":25},"end":{"line":10,"column":34}},"9":{"start":{"line":12,"column":0},"end":{"line":12,"column":18}},"10":{"start":{"line":13,"column":0},"end":{"line":18,"column":4}},"11":{"start":{"line":19,"column":0},"end":{"line":19,"column":41}},"12":{"start":{"line":20,"column":0},"end":{"line":20,"column":63}},"13":{"start":{"line":21,"column":0},"end":{"line":21,"column":60}},"14":{"start":{"line":21,"column":37},"end":{"line":21,"column":60}},"15":{"start":{"line":22,"column":0},"end":{"line":22,"column":34}},"16":{"start":{"line":24,"column":0},"end":{"line":26,"column":3}},"17":{"start":{"line":25,"column":2},"end":{"line":25,"column":116}},"18":{"start":{"line":28,"column":0},"end":{"line":28,"column":33}},"19":{"start":{"line":29,"column":0},"end":{"line":29,"column":41}},"20":{"start":{"line":31,"column":0},"end":{"line":33,"column":3}},"21":{"start":{"line":32,"column":2},"end":{"line":32,"column":74}},"22":{"start":{"line":35,"column":0},"end":{"line":38,"column":3}},"23":{"start":{"line":36,"column":2},"end":{"line":36,"column":41}},"24":{"start":{"line":37,"column":2},"end":{"line":37,"column":62}},"25":{"start":{"line":40,"column":0},"end":{"line":40,"column":19}}},"fnMap":{"0":{"name":"(anonymous_1)","decl":{"start":{"line":24,"column":19},"end":{"line":24,"column":20}},"loc":{"start":{"line":24,"column":52},"end":{"line":26,"column":1}}},"1":{"name":"(anonymous_2)","decl":{"start":{"line":31,"column":8},"end":{"line":31,"column":9}},"loc":{"start":{"line":31,"column":40},"end":{"line":33,"column":1}}},"2":{"name":"(anonymous_3)","decl":{"start":{"line":35,"column":8},"end":{"line":35,"column":9}},"loc":{"start":{"line":35,"column":74},"end":{"line":38,"column":1}}}},"branchMap":{"0":{"loc":{"start":{"line":14,"column":10},"end":{"line":14,"column":61}},"type":"binary-expr","locations":[{"start":{"line":14,"column":10},"end":{"line":14,"column":34}},{"start":{"line":14,"column":38},"end":{"line":14,"column":61}}]},"1":{"loc":{"start":{"line":21,"column":0},"end":{"line":21,"column":60}},"type":"if","locations":[{"start":{"line":21,"column":0},"end":{"line":21,"column":60}}]},"2":{"loc":{"start":{"line":37,"column":17},"end":{"line":37,"column":55}},"type":"binary-expr","locations":[{"start":{"line":37,"column":17},"end":{"line":37,"column":28}},{"start":{"line":37,"column":32},"end":{"line":37,"column":55}}]}},"s":{"0":1,"1":1,"2":1,"3":1,"4":1,"5":1,"6":1,"7":1,"8":1,"9":1,"10":1,"11":1,"12":1,"13":1,"14":0,"15":1,"16":1,"17":0,"18":1,"19":1,"20":1,"21":0,"22":1,"23":0,"24":0,"25":1},"f":{"0":0,"1":0,"2":0},"b":{"0":[1,1],"1":[0],"2":[0,0]}}
,"D:\\FeedPulse\\backend\\src\\controllers\\auth.controller.ts": {"path":"D:\\FeedPulse\\backend\\src\\controllers\\auth.controller.ts","statementMap":{"0":{"start":{"line":2,"column":0},"end":{"line":2,"column":31}},"1":{"start":{"line":3,"column":0},"end":{"line":3,"column":40}},"2":{"start":{"line":4,"column":0},"end":{"line":4,"column":59}},"3":{"start":{"line":7,"column":22},"end":{"line":10,"column":23}},"4":{"start":{"line":8,"column":2},"end":{"line":10,"column":23}},"5":{"start":{"line":13,"column":21},"end":{"line":27,"column":1}},"6":{"start":{"line":14,"column":2},"end":{"line":26,"column":3}},"7":{"start":{"line":15,"column":32},"end":{"line":15,"column":40}},"8":{"start":{"line":16,"column":17},"end":{"line":16,"column":46}},"9":{"start":{"line":17,"column":4},"end":{"line":20,"column":5}},"10":{"start":{"line":18,"column":6},"end":{"line":18,"column":80}},"11":{"start":{"line":19,"column":6},"end":{"line":19,"column":13}},"12":{"start":{"line":21,"column":18},"end":{"line":21,"column":75}},"13":{"start":{"line":22,"column":4},"end":{"line":22,"column":112}},"14":{"start":{"line":24,"column":4},"end":{"line":24,"column":41}},"15":{"start":{"line":25,"column":4},"end":{"line":25,"column":59}},"16":{"start":{"line":13,"column":13},"end":{"line":13,"column":21}},"17":{"start":{"line":29,"column":26},"end":{"line":38,"column":1}},"18":{"start":{"line":30,"column":2},"end":{"line":37,"column":3}},"19":{"start":{"line":31,"column":4},"end":{"line":31,"column":72}},"20":{"start":{"line":31,"column":21},"end":{"line":31,"column":62}},"21":{"start":{"line":31,"column":63},"end":{"line":31,"column":70}},"22":{"start":{"line":32,"column":17},"end":{"line":32,"column":69}},"23":{"start":{"line":33,"column":4},"end":{"line":33,"column":65}},"24":{"start":{"line":33,"column":17},"end":{"line":33,"column":55}},"25":{"start":{"line":33,"column":56},"end":{"line":33,"column":63}},"26":{"start":{"line":34,"column":4},"end":{"line":34,"column":48}},"27":{"start":{"line":36,"column":4},"end":{"line":36,"column":54}},"28":{"start":{"line":29,"column":13},"end":{"line":29,"column":26}}},"fnMap":{"0":{"name":"(anonymous_1)","decl":{"start":{"line":7,"column":22},"end":{"line":7,"column":23}},"loc":{"start":{"line":8,"column":2},"end":{"line":10,"column":23}}},"1":{"name":"(anonymous_2)","decl":{"start":{"line":13,"column":21},"end":{"line":13,"column":26}},"loc":{"start":{"line":13,"column":74},"end":{"line":27,"column":1}}},"2":{"name":"(anonymous_3)","decl":{"start":{"line":29,"column":26},"end":{"line":29,"column":31}},"loc":{"start":{"line":29,"column":79},"end":{"line":38,"column":1}}}},"branchMap":{"0":{"loc":{"start":{"line":8,"column":32},"end":{"line":8,"column":75}},"type":"binary-expr","locations":[{"start":{"line":8,"column":32},"end":{"line":8,"column":54}},{"start":{"line":8,"column":58},"end":{"line":8,"column":75}}]},"1":{"loc":{"start":{"line":9,"column":15},"end":{"line":9,"column":50}},"type":"binary-expr","locations":[{"start":{"line":9,"column":15},"end":{"line":9,"column":41}},{"start":{"line":9,"column":45},"end":{"line":9,"column":50}}]},"2":{"loc":{"start":{"line":17,"column":4},"end":{"line":20,"column":5}},"type":"if","locations":[{"start":{"line":17,"column":4},"end":{"line":20,"column":5}}]},"3":{"loc":{"start":{"line":17,"column":8},"end":{"line":17,"column":56}},"type":"binary-expr","locations":[{"start":{"line":17,"column":8},"end":{"line":17,"column":13}},{"start":{"line":17,"column":17},"end":{"line":17,"column":56}}]},"4":{"loc":{"start":{"line":31,"column":4},"end":{"line":31,"column":72}},"type":"if","locations":[{"start":{"line":31,"column":4},"end":{"line":31,"column":72}}]},"5":{"loc":{"start":{"line":33,"column":4},"end":{"line":33,"column":65}},"type":"if","locations":[{"start":{"line":33,"column":4},"end":{"line":33,"column":65}}]}},"s":{"0":1,"1":1,"2":1,"3":1,"4":0,"5":1,"6":0,"7":0,"8":0,"9":0,"10":0,"11":0,"12":0,"13":0,"14":0,"15":0,"16":1,"17":1,"18":0,"19":0,"20":0,"21":0,"22":0,"23":0,"24":0,"25":0,"26":0,"27":0,"28":1},"f":{"0":0,"1":0,"2":0},"b":{"0":[0,0],"1":[0,0],"2":[0],"3":[0,0],"4":[0],"5":[0]}}
,"D:\\FeedPulse\\backend\\src\\controllers\\feedback.controller.ts": {"path":"D:\\FeedPulse\\backend\\src\\controllers\\feedback.controller.ts","statementMap":{"0":{"start":{"line":2,"column":0},"end":{"line":2,"column":48}},"1":{"start":{"line":3,"column":0},"end":{"line":3,"column":84}},"2":{"start":{"line":4,"column":0},"end":{"line":4,"column":59}},"3":{"start":{"line":7,"column":30},"end":{"line":49,"column":1}},"4":{"start":{"line":8,"column":2},"end":{"line":48,"column":3}},"5":{"start":{"line":9,"column":76},"end":{"line":9,"column":84}},"6":{"start":{"line":10,"column":21},"end":{"line":14,"column":6}},"7":{"start":{"line":15,"column":4},"end":{"line":15,"column":26}},"8":{"start":{"line":17,"column":4},"end":{"line":17,"column":101}},"9":{"start":{"line":20,"column":4},"end":{"line":35,"column":9}},"10":{"start":{"line":21,"column":6},"end":{"line":34,"column":7}},"11":{"start":{"line":22,"column":25},"end":{"line":22,"column":66}},"12":{"start":{"line":23,"column":8},"end":{"line":30,"column":11}},"13":{"start":{"line":31,"column":8},"end":{"line":31,"column":52}},"14":{"start":{"line":33,"column":8},"end":{"line":33,"column":61}},"15":{"start":{"line":37,"column":4},"end":{"line":47,"column":5}},"16":{"start":{"line":39,"column":32},"end":{"line":39,"column":52}},"17":{"start":{"line":40,"column":27},"end":{"line":42,"column":19}},"18":{"start":{"line":43,"column":22},"end":{"line":43,"column":85}},"19":{"start":{"line":44,"column":6},"end":{"line":44,"column":35}},"20":{"start":{"line":46,"column":6},"end":{"line":46,"column":56}},"21":{"start":{"line":7,"column":13},"end":{"line":7,"column":30}},"22":{"start":{"line":52,"column":30},"end":{"line":79,"column":1}},"23":{"start":{"line":53,"column":2},"end":{"line":78,"column":3}},"24":{"start":{"line":55,"column":17},"end":{"line":55,"column":69}},"25":{"start":{"line":56,"column":18},"end":{"line":56,"column":74}},"26":{"start":{"line":57,"column":17},"end":{"line":57,"column":35}},"27":{"start":{"line":59,"column":44},"end":{"line":59,"column":46}},"28":{"start":{"line":60,"column":4},"end":{"line":60,"column":65}},"29":{"start":{"line":60,"column":28},"end":{"line":60,"column":65}},"30":{"start":{"line":61,"column":4},"end":{"line":61,"column":59}},"31":{"start":{"line":61,"column":26},"end":{"line":61,"column":59}},"32":{"start":{"line":62,"column":4},"end":{"line":62,"column":71}},"33":{"start":{"line":62,"column":26},"end":{"line":62,"column":71}},"34":{"start":{"line":64,"column":45},"end":{"line":64,"column":62}},"35":{"start":{"line":65,"column":4},"end":{"line":66,"column":93}},"36":{"start":{"line":65,"column":39},"end":{"line":65,"column":72}},"37":{"start":{"line":66,"column":9},"end":{"line":66,"column":93}},"38":{"start":{"line":66,"column":45},"end":{"line":66,"column":93}},"39":{"start":{"line":68,"column":34},"end":{"line":71,"column":6}},"40":{"start":{"line":73,"column":4},"end":{"line":75,"column":7}},"41":{"start":{"line":77,"column":4},"end":{"line":77,"column":55}},"42":{"start":{"line":52,"column":13},"end":{"line":52,"column":30}},"43":{"start":{"line":81,"column":32},"end":{"line":98,"column":1}},"44":{"start":{"line":82,"column":2},"end":{"line":97,"column":3}},"45":{"start":{"line":83,"column":52},"end":{"line":88,"column":6}},"46":{"start":{"line":89,"column":4},"end":{"line":94,"column":7}},"47":{"start":{"line":96,"column":4},"end":{"line":96,"column":52}},"48":{"start":{"line":81,"column":13},"end":{"line":81,"column":32}},"49":{"start":{"line":100,"column":28},"end":{"line":114,"column":1}},"50":{"start":{"line":101,"column":2},"end":{"line":113,"column":3}},"51":{"start":{"line":102,"column":25},"end":{"line":102,"column":35}},"52":{"start":{"line":103,"column":4},"end":{"line":103,"column":53}},"53":{"start":{"line":104,"column":19},"end":{"line":105,"column":55}},"54":{"start":{"line":106,"column":4},"end":{"line":106,"column":115}},"55":{"start":{"line":106,"column":31},"end":{"line":106,"column":105}},"56":{"start":{"line":106,"column":106},"end":{"line":106,"column":113}},"57":{"start":{"line":107,"column":20},"end":{"line":107,"column":164}},"58":{"start":{"line":107,"column":65},"end":{"line":107,"column":161}},"59":{"start":{"line":108,"column":4},"end":{"line":108,"column":61}},"60":{"start":{"line":110,"column":4},"end":{"line":110,"column":56}},"61":{"start":{"line":111,"column":20},"end":{"line":111,"column":88}},"62":{"start":{"line":112,"column":4},"end":{"line":112,"column":33}},"63":{"start":{"line":100,"column":13},"end":{"line":100,"column":28}},"64":{"start":{"line":116,"column":31},"end":{"line":124,"column":1}},"65":{"start":{"line":117,"column":2},"end":{"line":123,"column":3}},"66":{"start":{"line":118,"column":21},"end":{"line":118,"column":59}},"67":{"start":{"line":119,"column":4},"end":{"line":119,"column":73}},"68":{"start":{"line":119,"column":21},"end":{"line":119,"column":63}},"69":{"start":{"line":119,"column":64},"end":{"line":119,"column":71}},"70":{"start":{"line":120,"column":4},"end":{"line":120,"column":31}},"71":{"start":{"line":122,"column":4},"end":{"line":122,"column":55}},"72":{"start":{"line":116,"column":13},"end":{"line":116,"column":31}},"73":{"start":{"line":126,"column":36},"end":{"line":134,"column":1}},"74":{"start":{"line":127,"column":2},"end":{"line":133,"column":3}},"75":{"start":{"line":128,"column":21},"end":{"line":128,"column":133}},"76":{"start":{"line":129,"column":4},"end":{"line":129,"column":73}},"77":{"start":{"line":129,"column":21},"end":{"line":129,"column":63}},"78":{"start":{"line":129,"column":64},"end":{"line":129,"column":71}},"79":{"start":{"line":130,"column":4},"end":{"line":130,"column":73}},"80":{"start":{"line":132,"column":4},"end":{"line":132,"column":51}},"81":{"start":{"line":126,"column":13},"end":{"line":126,"column":36}},"82":{"start":{"line":136,"column":33},"end":{"line":153,"column":1}},"83":{"start":{"line":137,"column":2},"end":{"line":152,"column":3}},"84":{"start":{"line":138,"column":21},"end":{"line":138,"column":59}},"85":{"start":{"line":139,"column":4},"end":{"line":139,"column":73}},"86":{"start":{"line":139,"column":21},"end":{"line":139,"column":63}},"87":{"start":{"line":139,"column":64},"end":{"line":139,"column":71}},"88":{"start":{"line":140,"column":4},"end":{"line":140,"column":85}},"89":{"start":{"line":141,"column":4},"end":{"line":149,"column":9}},"90":{"start":{"line":142,"column":6},"end":{"line":148,"column":7}},"91":{"start":{"line":143,"column":25},"end":{"line":143,"column":84}},"92":{"start":{"line":144,"column":8},"end":{"line":144,"column":237}},"93":{"start":{"line":145,"column":8},"end":{"line":145,"column":57}},"94":{"start":{"line":147,"column":8},"end":{"line":147,"column":66}},"95":{"start":{"line":151,"column":4},"end":{"line":151,"column":57}},"96":{"start":{"line":136,"column":13},"end":{"line":136,"column":33}},"97":{"start":{"line":155,"column":30},"end":{"line":163,"column":1}},"98":{"start":{"line":156,"column":2},"end":{"line":162,"column":3}},"99":{"start":{"line":157,"column":21},"end":{"line":157,"column":68}},"100":{"start":{"line":158,"column":4},"end":{"line":158,"column":73}},"101":{"start":{"line":158,"column":21},"end":{"line":158,"column":63}},"102":{"start":{"line":158,"column":64},"end":{"line":158,"column":71}},"103":{"start":{"line":159,"column":4},"end":{"line":159,"column":77}},"104":{"start":{"line":161,"column":4},"end":{"line":161,"column":53}},"105":{"start":{"line":155,"column":13},"end":{"line":155,"column":30}}},"fnMap":{"0":{"name":"(anonymous_1)","decl":{"start":{"line":7,"column":30},"end":{"line":7,"column":35}},"loc":{"start":{"line":7,"column":83},"end":{"line":49,"column":1}}},"1":{"name":"(anonymous_2)","decl":{"start":{"line":20,"column":5},"end":{"line":20,"column":10}},"loc":{"start":{"line":20,"column":16},"end":{"line":35,"column":5}}},"2":{"name":"(anonymous_3)","decl":{"start":{"line":52,"column":30},"end":{"line":52,"column":35}},"loc":{"start":{"line":52,"column":83},"end":{"line":79,"column":1}}},"3":{"name":"(anonymous_4)","decl":{"start":{"line":81,"column":32},"end":{"line":81,"column":37}},"loc":{"start":{"line":81,"column":86},"end":{"line":98,"column":1}}},"4":{"name":"(anonymous_5)","decl":{"start":{"line":100,"column":28},"end":{"line":100,"column":33}},"loc":{"start":{"line":100,"column":82},"end":{"line":114,"column":1}}},"5":{"name":"(anonymous_6)","decl":{"start":{"line":107,"column":59},"end":{"line":107,"column":60}},"loc":{"start":{"line":107,"column":65},"end":{"line":107,"column":161}}},"6":{"name":"(anonymous_7)","decl":{"start":{"line":116,"column":31},"end":{"line":116,"column":36}},"loc":{"start":{"line":116,"column":84},"end":{"line":124,"column":1}}},"7":{"name":"(anonymous_8)","decl":{"start":{"line":126,"column":36},"end":{"line":126,"column":41}},"loc":{"start":{"line":126,"column":89},"end":{"line":134,"column":1}}},"8":{"name":"(anonymous_9)","decl":{"start":{"line":136,"column":33},"end":{"line":136,"column":38}},"loc":{"start":{"line":136,"column":86},"end":{"line":153,"column":1}}},"9":{"name":"(anonymous_10)","decl":{"start":{"line":141,"column":5},"end":{"line":141,"column":10}},"loc":{"start":{"line":141,"column":16},"end":{"line":149,"column":5}}},"10":{"name":"(anonymous_11)","decl":{"start":{"line":155,"column":30},"end":{"line":155,"column":35}},"loc":{"start":{"line":155,"column":83},"end":{"line":163,"column":1}}}},"branchMap":{"0":{"loc":{"start":{"line":12,"column":21},"end":{"line":12,"column":47}},"type":"binary-expr","locations":[{"start":{"line":12,"column":21},"end":{"line":12,"column":34}},{"start":{"line":12,"column":38},"end":{"line":12,"column":47}}]},"1":{"loc":{"start":{"line":13,"column":22},"end":{"line":13,"column":49}},"type":"binary-expr","locations":[{"start":{"line":13,"column":22},"end":{"line":13,"column":36}},{"start":{"line":13,"column":40},"end":{"line":13,"column":49}}]},"2":{"loc":{"start":{"line":37,"column":4},"end":{"line":47,"column":5}},"type":"if","locations":[{"start":{"line":37,"column":4},"end":{"line":47,"column":5}},{"start":{"line":45,"column":11},"end":{"line":47,"column":5}}]},"3":{"loc":{"start":{"line":37,"column":8},"end":{"line":37,"column":66}},"type":"binary-expr","locations":[{"start":{"line":37,"column":8},"end":{"line":37,"column":30}},{"start":{"line":37,"column":34},"end":{"line":37,"column":66}}]},"4":{"loc":{"start":{"line":40,"column":27},"end":{"line":42,"column":19}},"type":"cond-expr","locations":[{"start":{"line":41,"column":11},"end":{"line":41,"column":79}},{"start":{"line":42,"column":10},"end":{"line":42,"column":19}}]},"5":{"loc":{"start":{"line":43,"column":22},"end":{"line":43,"column":85}},"type":"cond-expr","locations":[{"start":{"line":43,"column":57},"end":{"line":43,"column":69}},{"start":{"line":43,"column":72},"end":{"line":43,"column":85}}]},"6":{"loc":{"start":{"line":55,"column":29},"end":{"line":55,"column":68}},"type":"binary-expr","locations":[{"start":{"line":55,"column":29},"end":{"line":55,"column":63}},{"start":{"line":55,"column":67},"end":{"line":55,"column":68}}]},"7":{"loc":{"start":{"line":56,"column":32},"end":{"line":56,"column":73}},"type":"binary-expr","locations":[{"start":{"line":56,"column":32},"end":{"line":56,"column":67}},{"start":{"line":56,"column":71},"end":{"line":56,"column":73}}]},"8":{"loc":{"start":{"line":60,"column":4},"end":{"line":60,"column":65}},"type":"if","locations":[{"start":{"line":60,"column":4},"end":{"line":60,"column":65}}]},"9":{"loc":{"start":{"line":61,"column":4},"end":{"line":61,"column":59}},"type":"if","locations":[{"start":{"line":61,"column":4},"end":{"line":61,"column":59}}]},"10":{"loc":{"start":{"line":62,"column":4},"end":{"line":62,"column":71}},"type":"if","locations":[{"start":{"line":62,"column":4},"end":{"line":62,"column":71}}]},"11":{"loc":{"start":{"line":65,"column":4},"end":{"line":66,"column":93}},"type":"if","locations":[{"start":{"line":65,"column":4},"end":{"line":66,"column":93}},{"start":{"line":66,"column":9},"end":{"line":66,"column":93}}]},"12":{"loc":{"start":{"line":66,"column":9},"end":{"line":66,"column":93}},"type":"if","locations":[{"start":{"line":66,"column":9},"end":{"line":66,"column":93}}]},"13":{"loc":{"start":{"line":92,"column":19},"end":{"line":92,"column":88}},"type":"cond-expr","locations":[{"start":{"line":92,"column":41},"end":{"line":92,"column":81}},{"start":{"line":92,"column":84},"end":{"line":92,"column":88}}]},"14":{"loc":{"start":{"line":93,"column":21},"end":{"line":93,"column":43}},"type":"binary-expr","locations":[{"start":{"line":93,"column":21},"end":{"line":93,"column":35}},{"start":{"line":93,"column":39},"end":{"line":93,"column":43}}]},"15":{"loc":{"start":{"line":106,"column":4},"end":{"line":106,"column":115}},"type":"if","locations":[{"start":{"line":106,"column":4},"end":{"line":106,"column":115}}]},"16":{"loc":{"start":{"line":111,"column":20},"end":{"line":111,"column":88}},"type":"cond-expr","locations":[{"start":{"line":111,"column":43},"end":{"line":111,"column":54}},{"start":{"line":111,"column":57},"end":{"line":111,"column":88}}]},"17":{"loc":{"start":{"line":119,"column":4},"end":{"line":119,"column":73}},"type":"if","locations":[{"start":{"line":119,"column":4},"end":{"line":119,"column":73}}]},"18":{"loc":{"start":{"line":129,"column":4},"end":{"line":129,"column":73}},"type":"if","locations":[{"start":{"line":129,"column":4},"end":{"line":129,"column":73}}]},"19":{"loc":{"start":{"line":139,"column":4},"end":{"line":139,"column":73}},"type":"if","locations":[{"start":{"line":139,"column":4},"end":{"line":139,"column":73}}]},"20":{"loc":{"start":{"line":158,"column":4},"end":{"line":158,"column":73}},"type":"if","locations":[{"start":{"line":158,"column":4},"end":{"line":158,"column":73}}]}},"s":{"0":1,"1":1,"2":1,"3":1,"4":1,"5":1,"6":1,"7":1,"8":1,"9":1,"10":1,"11":1,"12":1,"13":1,"14":0,"15":0,"16":0,"17":0,"18":0,"19":0,"20":0,"21":1,"22":1,"23":0,"24":0,"25":0,"26":0,"27":0,"28":0,"29":0,"30":0,"31":0,"32":0,"33":0,"34":0,"35":0,"36":0,"37":0,"38":0,"39":0,"40":0,"41":0,"42":1,"43":1,"44":0,"45":0,"46":0,"47":0,"48":1,"49":1,"50":0,"51":0,"52":0,"53":0,"54":0,"55":0,"56":0,"57":0,"58":0,"59":0,"60":0,"61":0,"62":0,"63":1,"64":1,"65":0,"66":0,"67":0,"68":0,"69":0,"70":0,"71":0,"72":1,"73":1,"74":1,"75":1,"76":1,"77":0,"78":0,"79":1,"80":0,"81":1,"82":1,"83":0,"84":0,"85":0,"86":0,"87":0,"88":0,"89":0,"90":0,"91":0,"92":0,"93":0,"94":0,"95":0,"96":1,"97":1,"98":0,"99":0,"100":0,"101":0,"102":0,"103":0,"104":0,"105":1},"f":{"0":1,"1":1,"2":0,"3":0,"4":0,"5":0,"6":0,"7":1,"8":0,"9":0,"10":0},"b":{"0":[1,1],"1":[1,1],"2":[0,0],"3":[0,0],"4":[0,0],"5":[0,0],"6":[0,0],"7":[0,0],"8":[0],"9":[0],"10":[0],"11":[0,0],"12":[0],"13":[0,0],"14":[0,0],"15":[0],"16":[0,0],"17":[0],"18":[0],"19":[0],"20":[0]}}
,"D:\\FeedPulse\\backend\\src\\middleware\\auth.middleware.ts": {"path":"D:\\FeedPulse\\backend\\src\\middleware\\auth.middleware.ts","statementMap":{"0":{"start":{"line":2,"column":0},"end":{"line":2,"column":31}},"1":{"start":{"line":3,"column":0},"end":{"line":3,"column":46}},"2":{"start":{"line":13,"column":28},"end":{"line":28,"column":1}},"3":{"start":{"line":14,"column":21},"end":{"line":14,"column":46}},"4":{"start":{"line":15,"column":2},"end":{"line":18,"column":3}},"5":{"start":{"line":16,"column":4},"end":{"line":16,"column":89}},"6":{"start":{"line":17,"column":4},"end":{"line":17,"column":11}},"7":{"start":{"line":19,"column":16},"end":{"line":19,"column":40}},"8":{"start":{"line":20,"column":2},"end":{"line":27,"column":3}},"9":{"start":{"line":21,"column":20},"end":{"line":21,"column":96}},"10":{"start":{"line":22,"column":4},"end":{"line":22,"column":23}},"11":{"start":{"line":23,"column":4},"end":{"line":23,"column":11}},"12":{"start":{"line":25,"column":4},"end":{"line":26,"column":68}},"13":{"start":{"line":25,"column":48},"end":{"line":25,"column":111}},"14":{"start":{"line":26,"column":9},"end":{"line":26,"column":68}},"15":{"start":{"line":13,"column":13},"end":{"line":13,"column":28}},"16":{"start":{"line":30,"column":28},"end":{"line":36,"column":1}},"17":{"start":{"line":31,"column":2},"end":{"line":34,"column":3}},"18":{"start":{"line":32,"column":4},"end":{"line":32,"column":50}},"19":{"start":{"line":33,"column":4},"end":{"line":33,"column":11}},"20":{"start":{"line":35,"column":2},"end":{"line":35,"column":9}},"21":{"start":{"line":30,"column":13},"end":{"line":30,"column":28}}},"fnMap":{"0":{"name":"(anonymous_1)","decl":{"start":{"line":13,"column":28},"end":{"line":13,"column":29}},"loc":{"start":{"line":13,"column":86},"end":{"line":28,"column":1}}},"1":{"name":"(anonymous_2)","decl":{"start":{"line":30,"column":28},"end":{"line":30,"column":29}},"loc":{"start":{"line":30,"column":86},"end":{"line":36,"column":1}}}},"branchMap":{"0":{"loc":{"start":{"line":15,"column":2},"end":{"line":18,"column":3}},"type":"if","locations":[{"start":{"line":15,"column":2},"end":{"line":18,"column":3}}]},"1":{"loc":{"start":{"line":15,"column":6},"end":{"line":15,"column":54}},"type":"binary-expr","locations":[{"start":{"line":15,"column":6},"end":{"line":15,"column":17}},{"start":{"line":15,"column":21},"end":{"line":15,"column":54}}]},"2":{"loc":{"start":{"line":21,"column":38},"end":{"line":21,"column":81}},"type":"binary-expr","locations":[{"start":{"line":21,"column":38},"end":{"line":21,"column":60}},{"start":{"line":21,"column":64},"end":{"line":21,"column":81}}]},"3":{"loc":{"start":{"line":25,"column":4},"end":{"line":26,"column":68}},"type":"if","locations":[{"start":{"line":25,"column":4},"end":{"line":26,"column":68}},{"start":{"line":26,"column":9},"end":{"line":26,"column":68}}]},"4":{"loc":{"start":{"line":31,"column":2},"end":{"line":34,"column":3}},"type":"if","locations":[{"start":{"line":31,"column":2},"end":{"line":34,"column":3}}]},"5":{"loc":{"start":{"line":31,"column":6},"end":{"line":31,"column":44}},"type":"binary-expr","locations":[{"start":{"line":31,"column":6},"end":{"line":31,"column":15}},{"start":{"line":31,"column":19},"end":{"line":31,"column":44}}]}},"s":{"0":2,"1":2,"2":2,"3":5,"4":5,"5":2,"6":2,"7":3,"8":3,"9":3,"10":2,"11":2,"12":1,"13":0,"14":1,"15":2,"16":2,"17":3,"18":1,"19":1,"20":2,"21":2},"f":{"0":5,"1":3},"b":{"0":[2],"1":[5,3],"2":[3,3],"3":[0,1],"4":[1],"5":[3,3]}}
,"D:\\FeedPulse\\backend\\src\\middleware\\rateLimiter.middleware.ts": {"path":"D:\\FeedPulse\\backend\\src\\middleware\\rateLimiter.middleware.ts","statementMap":{"0":{"start":{"line":1,"column":0},"end":{"line":1,"column":43}},"1":{"start":{"line":2,"column":0},"end":{"line":2,"column":46}},"2":{"start":{"line":4,"column":13},"end":{"line":11,"column":3}},"3":{"start":{"line":9,"column":26},"end":{"line":9,"column":112}},"4":{"start":{"line":10,"column":25},"end":{"line":10,"column":44}},"5":{"start":{"line":13,"column":13},"end":{"line":19,"column":3}},"6":{"start":{"line":18,"column":26},"end":{"line":18,"column":85}},"7":{"start":{"line":21,"column":13},"end":{"line":25,"column":3}},"8":{"start":{"line":24,"column":26},"end":{"line":24,"column":98}}},"fnMap":{"0":{"name":"(anonymous_1)","decl":{"start":{"line":9,"column":11},"end":{"line":9,"column":12}},"loc":{"start":{"line":9,"column":26},"end":{"line":9,"column":112}}},"1":{"name":"(anonymous_2)","decl":{"start":{"line":10,"column":16},"end":{"line":10,"column":17}},"loc":{"start":{"line":10,"column":25},"end":{"line":10,"column":44}}},"2":{"name":"(anonymous_3)","decl":{"start":{"line":18,"column":11},"end":{"line":18,"column":12}},"loc":{"start":{"line":18,"column":26},"end":{"line":18,"column":85}}},"3":{"name":"(anonymous_4)","decl":{"start":{"line":24,"column":11},"end":{"line":24,"column":12}},"loc":{"start":{"line":24,"column":26},"end":{"line":24,"column":98}}}},"branchMap":{"0":{"loc":{"start":{"line":5,"column":12},"end":{"line":5,"column":70}},"type":"binary-expr","locations":[{"start":{"line":5,"column":12},"end":{"line":5,"column":52}},{"start":{"line":5,"column":56},"end":{"line":5,"column":70}}]},"1":{"loc":{"start":{"line":6,"column":7},"end":{"line":6,"column":46}},"type":"binary-expr","locations":[{"start":{"line":6,"column":7},"end":{"line":6,"column":41}},{"start":{"line":6,"column":45},"end":{"line":6,"column":46}}]},"2":{"loc":{"start":{"line":10,"column":25},"end":{"line":10,"column":44}},"type":"binary-expr","locations":[{"start":{"line":10,"column":25},"end":{"line":10,"column":31}},{"start":{"line":10,"column":35},"end":{"line":10,"column":44}}]}},"s":{"0":1,"1":1,"2":1,"3":0,"4":2,"5":1,"6":0,"7":1,"8":0},"f":{"0":0,"1":2,"2":0,"3":0},"b":{"0":[1,1],"1":[1,1],"2":[2,0]}}
,"D:\\FeedPulse\\backend\\src\\middleware\\validation.middleware.ts": {"path":"D:\\FeedPulse\\backend\\src\\middleware\\validation.middleware.ts","statementMap":{"0":{"start":{"line":1,"column":0},"end":{"line":1,"column":73}},"1":{"start":{"line":3,"column":0},"end":{"line":3,"column":46}},"2":{"start":{"line":5,"column":24},"end":{"line":14,"column":1}},"3":{"start":{"line":6,"column":17},"end":{"line":6,"column":38}},"4":{"start":{"line":7,"column":2},"end":{"line":12,"column":3}},"5":{"start":{"line":8,"column":21},"end":{"line":8,"column":53}},"6":{"start":{"line":8,"column":47},"end":{"line":8,"column":52}},"7":{"start":{"line":10,"column":4},"end":{"line":10,"column":58}},"8":{"start":{"line":11,"column":4},"end":{"line":11,"column":11}},"9":{"start":{"line":13,"column":2},"end":{"line":13,"column":9}},"10":{"start":{"line":5,"column":13},"end":{"line":5,"column":24}},"11":{"start":{"line":16,"column":13},"end":{"line":23,"column":2}},"12":{"start":{"line":25,"column":13},"end":{"line":29,"column":2}},"13":{"start":{"line":31,"column":13},"end":{"line":34,"column":2}},"14":{"start":{"line":36,"column":13},"end":{"line":40,"column":2}},"15":{"start":{"line":42,"column":13},"end":{"line":48,"column":2}}},"fnMap":{"0":{"name":"(anonymous_0)","decl":{"start":{"line":5,"column":24},"end":{"line":5,"column":25}},"loc":{"start":{"line":5,"column":82},"end":{"line":14,"column":1}}},"1":{"name":"(anonymous_1)","decl":{"start":{"line":8,"column":40},"end":{"line":8,"column":41}},"loc":{"start":{"line":8,"column":47},"end":{"line":8,"column":52}}}},"branchMap":{"0":{"loc":{"start":{"line":7,"column":2},"end":{"line":12,"column":3}},"type":"if","locations":[{"start":{"line":7,"column":2},"end":{"line":12,"column":3}}]}},"s":{"0":1,"1":1,"2":1,"3":3,"4":3,"5":1,"6":1,"7":1,"8":1,"9":2,"10":1,"11":1,"12":1,"13":1,"14":1,"15":1},"f":{"0":3,"1":1},"b":{"0":[1]}}
,"D:\\FeedPulse\\backend\\src\\models\\user.model.ts": {"path":"D:\\FeedPulse\\backend\\src\\models\\user.model.ts","statementMap":{"0":{"start":{"line":1,"column":0},"end":{"line":1,"column":54}},"1":{"start":{"line":2,"column":0},"end":{"line":2,"column":30}},"2":{"start":{"line":11,"column":19},"end":{"line":17,"column":null}},"3":{"start":{"line":20,"column":0},"end":{"line":25,"column":3}},"4":{"start":{"line":21,"column":2},"end":{"line":21,"column":50}},"5":{"start":{"line":21,"column":36},"end":{"line":21,"column":50}},"6":{"start":{"line":22,"column":15},"end":{"line":22,"column":39}},"7":{"start":{"line":23,"column":2},"end":{"line":23,"column":57}},"8":{"start":{"line":24,"column":2},"end":{"line":24,"column":9}},"9":{"start":{"line":27,"column":0},"end":{"line":29,"column":2}},"10":{"start":{"line":28,"column":2},"end":{"line":28,"column":50}},"11":{"start":{"line":31,"column":0},"end":{"line":31,"column":57}}},"fnMap":{"0":{"name":"(anonymous_10)","decl":{"start":{"line":20,"column":23},"end":{"line":20,"column":28}},"loc":{"start":{"line":20,"column":43},"end":{"line":25,"column":1}}},"1":{"name":"(anonymous_11)","decl":{"start":{"line":27,"column":37},"end":{"line":27,"column":42}},"loc":{"start":{"line":27,"column":70},"end":{"line":29,"column":1}}}},"branchMap":{"0":{"loc":{"start":{"line":21,"column":2},"end":{"line":21,"column":50}},"type":"if","locations":[{"start":{"line":21,"column":2},"end":{"line":21,"column":50}}]}},"s":{"0":1,"1":1,"2":1,"3":1,"4":0,"5":0,"6":0,"7":0,"8":0,"9":1,"10":0,"11":1},"f":{"0":0,"1":0},"b":{"0":[0]}}
,"D:\\FeedPulse\\backend\\src\\routes\\auth.routes.ts": {"path":"D:\\FeedPulse\\backend\\src\\routes\\auth.routes.ts","statementMap":{"0":{"start":{"line":1,"column":0},"end":{"line":1,"column":33}},"1":{"start":{"line":2,"column":0},"end":{"line":2,"column":67}},"2":{"start":{"line":3,"column":0},"end":{"line":3,"column":68}},"3":{"start":{"line":4,"column":0},"end":{"line":4,"column":61}},"4":{"start":{"line":5,"column":0},"end":{"line":5,"column":69}},"5":{"start":{"line":7,"column":15},"end":{"line":7,"column":23}},"6":{"start":{"line":8,"column":0},"end":{"line":8,"column":59}},"7":{"start":{"line":9,"column":0},"end":{"line":9,"column":49}},"8":{"start":{"line":10,"column":0},"end":{"line":10,"column":22}}},"fnMap":{},"branchMap":{},"s":{"0":1,"1":1,"2":1,"3":1,"4":1,"5":1,"6":1,"7":1,"8":1},"f":{},"b":{}}
,"D:\\FeedPulse\\backend\\src\\routes\\feedback.routes.ts": {"path":"D:\\FeedPulse\\backend\\src\\routes\\feedback.routes.ts","statementMap":{"0":{"start":{"line":1,"column":0},"end":{"line":1,"column":33}},"1":{"start":{"line":2,"column":0},"end":{"line":2,"column":null}},"2":{"start":{"line":7,"column":0},"end":{"line":7,"column":75}},"3":{"start":{"line":8,"column":0},"end":{"line":8,"column":null}},"4":{"start":{"line":12,"column":0},"end":{"line":12,"column":73}},"5":{"start":{"line":14,"column":15},"end":{"line":14,"column":23}},"6":{"start":{"line":17,"column":0},"end":{"line":17,"column":80}},"7":{"start":{"line":20,"column":0},"end":{"line":20,"column":67}},"8":{"start":{"line":21,"column":0},"end":{"line":21,"column":65}},"9":{"start":{"line":22,"column":0},"end":{"line":22,"column":83}},"10":{"start":{"line":23,"column":0},"end":{"line":23,"column":81}},"11":{"start":{"line":24,"column":0},"end":{"line":24,"column":93}},"12":{"start":{"line":25,"column":0},"end":{"line":25,"column":94}},"13":{"start":{"line":26,"column":0},"end":{"line":26,"column":83}},"14":{"start":{"line":28,"column":0},"end":{"line":28,"column":22}}},"fnMap":{},"branchMap":{},"s":{"0":1,"1":1,"2":1,"3":1,"4":1,"5":1,"6":1,"7":1,"8":1,"9":1,"10":1,"11":1,"12":1,"13":1,"14":1},"f":{},"b":{}}
,"D:\\FeedPulse\\backend\\src\\services\\gemini.service.ts": {"path":"D:\\FeedPulse\\backend\\src\\services\\gemini.service.ts","statementMap":{"0":{"start":{"line":1,"column":0},"end":{"line":1,"column":59}},"1":{"start":{"line":18,"column":18},"end":{"line":22,"column":1}},"2":{"start":{"line":19,"column":17},"end":{"line":19,"column":43}},"3":{"start":{"line":20,"column":2},"end":{"line":20,"column":67}},"4":{"start":{"line":20,"column":15},"end":{"line":20,"column":67}},"5":{"start":{"line":21,"column":2},"end":{"line":21,"column":40}},"6":{"start":{"line":24,"column":31},"end":{"line":59,"column":1}},"7":{"start":{"line":26,"column":16},"end":{"line":26,"column":81}},"8":{"start":{"line":27,"column":17},"end":{"line":37,"column":37}},"9":{"start":{"line":39,"column":17},"end":{"line":39,"column":52}},"10":{"start":{"line":40,"column":18},"end":{"line":40,"column":82}},"11":{"start":{"line":42,"column":40},"end":{"line":42,"column":42}},"12":{"start":{"line":43,"column":2},"end":{"line":47,"column":3}},"13":{"start":{"line":44,"column":4},"end":{"line":44,"column":33}},"14":{"start":{"line":49,"column":2},"end":{"line":58,"column":4}},"15":{"start":{"line":24,"column":13},"end":{"line":24,"column":31}},"16":{"start":{"line":61,"column":37},"end":{"line":110,"column":1}},"17":{"start":{"line":65,"column":16},"end":{"line":65,"column":81}},"18":{"start":{"line":67,"column":2},"end":{"line":74,"column":3}},"19":{"start":{"line":68,"column":4},"end":{"line":73,"column":6}},"20":{"start":{"line":76,"column":23},"end":{"line":78,"column":17}},"21":{"start":{"line":77,"column":19},"end":{"line":77,"column":136}},"22":{"start":{"line":80,"column":17},"end":{"line":92,"column":16}},"23":{"start":{"line":94,"column":17},"end":{"line":94,"column":52}},"24":{"start":{"line":95,"column":18},"end":{"line":95,"column":82}},"25":{"start":{"line":97,"column":39},"end":{"line":97,"column":41}},"26":{"start":{"line":98,"column":2},"end":{"line":102,"column":3}},"27":{"start":{"line":99,"column":4},"end":{"line":99,"column":33}},"28":{"start":{"line":101,"column":4},"end":{"line":101,"column":16}},"29":{"start":{"line":104,"column":2},"end":{"line":109,"column":4}},"30":{"start":{"line":61,"column":13},"end":{"line":61,"column":37}}},"fnMap":{"0":{"name":"(anonymous_0)","decl":{"start":{"line":18,"column":18},"end":{"line":18,"column":21}},"loc":{"start":{"line":18,"column":23},"end":{"line":22,"column":1}}},"1":{"name":"(anonymous_1)","decl":{"start":{"line":24,"column":31},"end":{"line":24,"column":36}},"loc":{"start":{"line":24,"column":101},"end":{"line":59,"column":1}}},"2":{"name":"(anonymous_2)","decl":{"start":{"line":61,"column":37},"end":{"line":61,"column":42}},"loc":{"start":{"line":63,"column":28},"end":{"line":110,"column":1}}},"3":{"name":"(anonymous_3)","decl":{"start":{"line":77,"column":9},"end":{"line":77,"column":10}},"loc":{"start":{"line":77,"column":19},"end":{"line":77,"column":136}}}},"branchMap":{"0":{"loc":{"start":{"line":20,"column":2},"end":{"line":20,"column":67}},"type":"if","locations":[{"start":{"line":20,"column":2},"end":{"line":20,"column":67}}]},"1":{"loc":{"start":{"line":50,"column":14},"end":{"line":50,"column":40}},"type":"binary-expr","locations":[{"start":{"line":50,"column":14},"end":{"line":50,"column":29}},{"start":{"line":50,"column":33},"end":{"line":50,"column":40}}]},"2":{"loc":{"start":{"line":51,"column":16},"end":{"line":51,"column":115}},"type":"cond-expr","locations":[{"start":{"line":51,"column":87},"end":{"line":51,"column":103}},{"start":{"line":51,"column":106},"end":{"line":51,"column":115}}]},"3":{"loc":{"start":{"line":51,"column":61},"end":{"line":51,"column":83}},"type":"binary-expr","locations":[{"start":{"line":51,"column":61},"end":{"line":51,"column":77}},{"start":{"line":51,"column":81},"end":{"line":51,"column":83}}]},"4":{"loc":{"start":{"line":55,"column":45},"end":{"line":55,"column":79}},"type":"binary-expr","locations":[{"start":{"line":55,"column":45},"end":{"line":55,"column":74}},{"start":{"line":55,"column":78},"end":{"line":55,"column":79}}]},"5":{"loc":{"start":{"line":56,"column":13},"end":{"line":56,"column":53}},"type":"binary-expr","locations":[{"start":{"line":56,"column":13},"end":{"line":56,"column":27}},{"start":{"line":56,"column":31},"end":{"line":56,"column":53}}]},"6":{"loc":{"start":{"line":57,"column":10},"end":{"line":57,"column":67}},"type":"cond-expr","locations":[{"start":{"line":57,"column":39},"end":{"line":57,"column":62}},{"start":{"line":57,"column":65},"end":{"line":57,"column":67}}]},"7":{"loc":{"start":{"line":67,"column":2},"end":{"line":74,"column":3}},"type":"if","locations":[{"start":{"line":67,"column":2},"end":{"line":74,"column":3}}]},"8":{"loc":{"start":{"line":77,"column":61},"end":{"line":77,"column":76}},"type":"binary-expr","locations":[{"start":{"line":77,"column":61},"end":{"line":77,"column":70}},{"start":{"line":77,"column":74},"end":{"line":77,"column":76}}]},"9":{"loc":{"start":{"line":77,"column":107},"end":{"line":77,"column":134}},"type":"binary-expr","locations":[{"start":{"line":77,"column":107},"end":{"line":77,"column":121}},{"start":{"line":77,"column":125},"end":{"line":77,"column":134}}]},"10":{"loc":{"start":{"line":105,"column":16},"end":{"line":105,"column":73}},"type":"cond-expr","locations":[{"start":{"line":105,"column":51},"end":{"line":105,"column":68}},{"start":{"line":105,"column":71},"end":{"line":105,"column":73}}]},"11":{"loc":{"start":{"line":106,"column":23},"end":{"line":106,"column":60}},"type":"binary-expr","locations":[{"start":{"line":106,"column":23},"end":{"line":106,"column":47}},{"start":{"line":106,"column":51},"end":{"line":106,"column":60}}]},"12":{"loc":{"start":{"line":107,"column":17},"end":{"line":107,"column":62}},"type":"binary-expr","locations":[{"start":{"line":107,"column":17},"end":{"line":107,"column":35}},{"start":{"line":107,"column":39},"end":{"line":107,"column":62}}]}},"s":{"0":1,"1":1,"2":3,"3":3,"4":1,"5":2,"6":1,"7":3,"8":2,"9":2,"10":2,"11":2,"12":2,"13":2,"14":2,"15":1,"16":1,"17":0,"18":0,"19":0,"20":0,"21":0,"22":0,"23":0,"24":0,"25":0,"26":0,"27":0,"28":0,"29":0,"30":1},"f":{"0":3,"1":3,"2":0,"3":0},"b":{"0":[1],"1":[2,1],"2":[1,1],"3":[2,1],"4":[2,1],"5":[2,1],"6":[1,1],"7":[0],"8":[0,0],"9":[0,0],"10":[0,0],"11":[0,0],"12":[0,0]}}
,"D:\\FeedPulse\\backend\\src\\utils\\response.ts": {"path":"D:\\FeedPulse\\backend\\src\\utils\\response.ts","statementMap":{"0":{"start":{"line":11,"column":27},"end":{"line":18,"column":1}},"1":{"start":{"line":15,"column":35},"end":{"line":15,"column":67}},"2":{"start":{"line":16,"column":2},"end":{"line":16,"column":51}},"3":{"start":{"line":16,"column":18},"end":{"line":16,"column":51}},"4":{"start":{"line":17,"column":2},"end":{"line":17,"column":40}},"5":{"start":{"line":11,"column":13},"end":{"line":11,"column":27}},"6":{"start":{"line":20,"column":25},"end":{"line":24,"column":1}},"7":{"start":{"line":22,"column":26},"end":{"line":22,"column":42}},"8":{"start":{"line":23,"column":2},"end":{"line":23,"column":83}},"9":{"start":{"line":20,"column":13},"end":{"line":20,"column":25}}},"fnMap":{"0":{"name":"(anonymous_0)","decl":{"start":{"line":11,"column":27},"end":{"line":11,"column":null}},"loc":{"start":{"line":14,"column":10},"end":{"line":18,"column":1}}},"1":{"name":"(anonymous_1)","decl":{"start":{"line":20,"column":25},"end":{"line":20,"column":26}},"loc":{"start":{"line":20,"column":100},"end":{"line":24,"column":1}}}},"branchMap":{"0":{"loc":{"start":{"line":12,"column":44},"end":{"line":12,"column":60}},"type":"default-arg","locations":[{"start":{"line":12,"column":57},"end":{"line":12,"column":60}}]},"1":{"loc":{"start":{"line":16,"column":2},"end":{"line":16,"column":51}},"type":"if","locations":[{"start":{"line":16,"column":2},"end":{"line":16,"column":51}}]},"2":{"loc":{"start":{"line":20,"column":56},"end":{"line":20,"column":72}},"type":"default-arg","locations":[{"start":{"line":20,"column":69},"end":{"line":20,"column":72}}]},"3":{"loc":{"start":{"line":22,"column":26},"end":{"line":22,"column":42}},"type":"binary-expr","locations":[{"start":{"line":22,"column":26},"end":{"line":22,"column":33}},{"start":{"line":22,"column":37},"end":{"line":22,"column":42}}]}},"s":{"0":2,"1":2,"2":2,"3":0,"4":2,"5":2,"6":2,"7":5,"8":5,"9":2},"f":{"0":2,"1":5},"b":{"0":[1],"1":[0],"2":[0],"3":[5,4]}}
}
