TN:
SF:src\app.ts
FN:24,(anonymous_1)
FN:31,(anonymous_2)
FN:35,(anonymous_3)
FNF:3
FNH:0
FNDA:0,(anonymous_1)
FNDA:0,(anonymous_2)
FNDA:0,(anonymous_3)
DA:1,1
DA:2,1
DA:3,1
DA:4,1
DA:5,1
DA:6,1
DA:7,1
DA:8,1
DA:10,1
DA:12,1
DA:13,1
DA:19,1
DA:20,1
DA:21,1
DA:22,1
DA:24,1
DA:25,0
DA:28,1
DA:29,1
DA:31,1
DA:32,0
DA:35,1
DA:36,0
DA:37,0
DA:40,1
LF:25
LH:21
BRDA:14,0,0,1
BRDA:14,0,1,1
BRDA:21,1,0,0
BRDA:37,2,0,0
BRDA:37,2,1,0
BRF:5
BRH:2
end_of_record
TN:
SF:src\controllers\auth.controller.ts
FN:7,(anonymous_1)
FN:13,(anonymous_2)
FN:29,(anonymous_3)
FNF:3
FNH:0
FNDA:0,(anonymous_1)
FNDA:0,(anonymous_2)
FNDA:0,(anonymous_3)
DA:2,1
DA:3,1
DA:4,1
DA:7,1
DA:8,0
DA:13,1
DA:14,0
DA:15,0
DA:16,0
DA:17,0
DA:18,0
DA:19,0
DA:21,0
DA:22,0
DA:24,0
DA:25,0
DA:29,1
DA:30,0
DA:31,0
DA:32,0
DA:33,0
DA:34,0
DA:36,0
LF:23
LH:6
BRDA:8,0,0,0
BRDA:8,0,1,0
BRDA:9,1,0,0
BRDA:9,1,1,0
BRDA:17,2,0,0
BRDA:17,3,0,0
BRDA:17,3,1,0
BRDA:31,4,0,0
BRDA:33,5,0,0
BRF:9
BRH:0
end_of_record
TN:
SF:src\controllers\feedback.controller.ts
FN:7,(anonymous_1)
FN:20,(anonymous_2)
FN:43,(anonymous_3)
FN:72,(anonymous_4)
FN:91,(anonymous_5)
FN:98,(anonymous_6)
FN:107,(anonymous_7)
FN:117,(anonymous_8)
FN:127,(anonymous_9)
FN:132,(anonymous_10)
FN:146,(anonymous_11)
FNF:11
FNH:3
FNDA:1,(anonymous_1)
FNDA:1,(anonymous_2)
FNDA:0,(anonymous_3)
FNDA:0,(anonymous_4)
FNDA:0,(anonymous_5)
FNDA:0,(anonymous_6)
FNDA:0,(anonymous_7)
FNDA:1,(anonymous_8)
FNDA:0,(anonymous_9)
FNDA:0,(anonymous_10)
FNDA:0,(anonymous_11)
DA:2,1
DA:3,1
DA:4,1
DA:7,1
DA:8,1
DA:9,1
DA:10,1
DA:15,1
DA:17,1
DA:20,1
DA:21,1
DA:22,1
DA:23,1
DA:31,1
DA:33,0
DA:37,0
DA:38,0
DA:43,1
DA:44,0
DA:46,0
DA:47,0
DA:48,0
DA:50,0
DA:51,0
DA:52,0
DA:53,0
DA:55,0
DA:56,0
DA:57,0
DA:59,0
DA:64,0
DA:68,0
DA:72,1
DA:73,0
DA:74,0
DA:80,0
DA:87,0
DA:91,1
DA:92,0
DA:93,0
DA:94,0
DA:95,0
DA:97,0
DA:98,0
DA:99,0
DA:101,0
DA:102,0
DA:103,0
DA:107,1
DA:108,0
DA:109,0
DA:110,0
DA:111,0
DA:113,0
DA:117,1
DA:118,1
DA:119,1
DA:120,1
DA:121,1
DA:123,0
DA:127,1
DA:128,0
DA:129,0
DA:130,0
DA:131,0
DA:132,0
DA:133,0
DA:134,0
DA:135,0
DA:136,0
DA:138,0
DA:142,0
DA:146,1
DA:147,0
DA:148,0
DA:149,0
DA:150,0
DA:152,0
LF:78
LH:25
BRDA:12,0,0,1
BRDA:12,0,1,1
BRDA:13,1,0,1
BRDA:13,1,1,1
BRDA:37,2,0,0
BRDA:37,2,1,0
BRDA:37,3,0,0
BRDA:37,3,1,0
BRDA:46,4,0,0
BRDA:46,4,1,0
BRDA:47,5,0,0
BRDA:47,5,1,0
BRDA:51,6,0,0
BRDA:52,7,0,0
BRDA:53,8,0,0
BRDA:56,9,0,0
BRDA:56,9,1,0
BRDA:57,10,0,0
BRDA:83,11,0,0
BRDA:83,11,1,0
BRDA:84,12,0,0
BRDA:84,12,1,0
BRDA:97,13,0,0
BRDA:102,14,0,0
BRDA:102,14,1,0
BRDA:110,15,0,0
BRDA:120,16,0,0
BRDA:130,17,0,0
BRDA:149,18,0,0
BRF:29
BRH:4
end_of_record
TN:
SF:src\middleware\auth.middleware.ts
FN:13,(anonymous_1)
FN:30,(anonymous_2)
FNF:2
FNH:2
FNDA:5,(anonymous_1)
FNDA:3,(anonymous_2)
DA:2,2
DA:3,2
DA:13,2
DA:14,5
DA:15,5
DA:16,2
DA:17,2
DA:19,3
DA:20,3
DA:21,3
DA:22,2
DA:23,2
DA:25,1
DA:26,1
DA:30,2
DA:31,3
DA:32,1
DA:33,1
DA:35,2
LF:19
LH:19
BRDA:15,0,0,2
BRDA:15,1,0,5
BRDA:15,1,1,3
BRDA:21,2,0,3
BRDA:21,2,1,3
BRDA:25,3,0,0
BRDA:25,3,1,1
BRDA:31,4,0,1
BRDA:31,5,0,3
BRDA:31,5,1,3
BRF:10
BRH:9
end_of_record
TN:
SF:src\middleware\rateLimiter.middleware.ts
FN:9,(anonymous_1)
FN:10,(anonymous_2)
FN:18,(anonymous_3)
FN:24,(anonymous_4)
FNF:4
FNH:1
FNDA:0,(anonymous_1)
FNDA:2,(anonymous_2)
FNDA:0,(anonymous_3)
FNDA:0,(anonymous_4)
DA:1,1
DA:2,1
DA:4,1
DA:9,0
DA:10,2
DA:13,1
DA:18,0
DA:21,1
DA:24,0
LF:9
LH:6
BRDA:5,0,0,1
BRDA:5,0,1,1
BRDA:6,1,0,1
BRDA:6,1,1,1
BRDA:10,2,0,2
BRDA:10,2,1,0
BRF:6
BRH:5
end_of_record
TN:
SF:src\middleware\validation.middleware.ts
FN:5,(anonymous_0)
FN:8,(anonymous_1)
FNF:2
FNH:2
FNDA:3,(anonymous_0)
FNDA:1,(anonymous_1)
DA:1,1
DA:3,1
DA:5,1
DA:6,3
DA:7,3
DA:8,1
DA:9,1
DA:11,2
DA:14,1
DA:23,1
DA:29,1
DA:34,1
DA:40,1
LF:13
LH:13
BRDA:7,0,0,1
BRF:1
BRH:1
end_of_record
TN:
SF:src\models\user.model.ts
FN:20,(anonymous_10)
FN:27,(anonymous_11)
FNF:2
FNH:0
FNDA:0,(anonymous_10)
FNDA:0,(anonymous_11)
DA:1,1
DA:2,1
DA:11,1
DA:20,1
DA:21,0
DA:22,0
DA:23,0
DA:24,0
DA:27,1
DA:28,0
DA:31,1
LF:11
LH:6
BRDA:21,0,0,0
BRF:1
BRH:0
end_of_record
TN:
SF:src\routes\auth.routes.ts
FNF:0
FNH:0
DA:1,1
DA:2,1
DA:3,1
DA:4,1
DA:5,1
DA:7,1
DA:8,1
DA:9,1
DA:10,1
LF:9
LH:9
BRF:0
BRH:0
end_of_record
TN:
SF:src\routes\feedback.routes.ts
FNF:0
FNH:0
DA:1,1
DA:2,1
DA:7,1
DA:8,1
DA:12,1
DA:14,1
DA:17,1
DA:20,1
DA:21,1
DA:22,1
DA:23,1
DA:24,1
DA:25,1
DA:26,1
DA:28,1
LF:15
LH:15
BRF:0
BRH:0
end_of_record
TN:
SF:src\services\gemini.service.ts
FN:18,(anonymous_0)
FN:24,(anonymous_1)
FN:61,(anonymous_2)
FN:77,(anonymous_3)
FNF:4
FNH:2
FNDA:3,(anonymous_0)
FNDA:3,(anonymous_1)
FNDA:0,(anonymous_2)
FNDA:0,(anonymous_3)
DA:1,1
DA:18,1
DA:19,3
DA:20,3
DA:21,2
DA:24,1
DA:26,3
DA:27,2
DA:39,2
DA:40,2
DA:42,2
DA:43,2
DA:44,2
DA:49,2
DA:61,1
DA:65,0
DA:67,0
DA:68,0
DA:76,0
DA:77,0
DA:80,0
DA:94,0
DA:95,0
DA:97,0
DA:98,0
DA:99,0
DA:101,0
DA:104,0
LF:28
LH:15
BRDA:20,0,0,1
BRDA:50,1,0,2
BRDA:50,1,1,1
BRDA:51,2,0,1
BRDA:51,2,1,1
BRDA:51,3,0,2
BRDA:51,3,1,1
BRDA:55,4,0,2
BRDA:55,4,1,1
BRDA:56,5,0,2
BRDA:56,5,1,1
BRDA:57,6,0,1
BRDA:57,6,1,1
BRDA:67,7,0,0
BRDA:77,8,0,0
BRDA:77,8,1,0
BRDA:77,9,0,0
BRDA:77,9,1,0
BRDA:105,10,0,0
BRDA:105,10,1,0
BRDA:106,11,0,0
BRDA:106,11,1,0
BRDA:107,12,0,0
BRDA:107,12,1,0
BRF:24
BRH:13
end_of_record
TN:
SF:src\utils\response.ts
FN:11,(anonymous_0)
FN:20,(anonymous_1)
FNF:2
FNH:2
FNDA:2,(anonymous_0)
FNDA:5,(anonymous_1)
DA:11,2
DA:15,2
DA:16,2
DA:17,2
DA:20,2
DA:21,5
LF:6
LH:6
BRDA:12,0,0,1
BRDA:16,1,0,0
BRDA:20,2,0,0
BRF:3
BRH:1
end_of_record
